        -:    0:Source:dominion.c
        -:    0:Graph:dominion.gcno
        -:    0:Data:dominion.gcda
        -:    0:Runs:45
        -:    0:Programs:34
        -:    1:#include "dominion.h"
        -:    2:#include "dominion_helpers.h"
        -:    3:#include "rngs.h"
        -:    4:#include <stdio.h>
        -:    5:#include <math.h>
        -:    6:#include <stdlib.h>
        -:    7:
function compare called 2325 returned 100% blocks executed 83%
     2325:    8:int compare(const void* a, const void* b) {
     2325:    9:	if (*(int*)a > *(int*)b)
branch  0 taken 0% (fallthrough)
branch  1 taken 100%
    #####:   10:		return 1;
     2325:   11:	if (*(int*)a < *(int*)b)
branch  0 taken 27% (fallthrough)
branch  1 taken 73%
      622:   12:		return -1;
     1703:   13:	return 0;
        -:   14:}
        -:   15:
function newGame called 0 returned 0% blocks executed 0%
    #####:   16:struct gameState* newGame() {
    #####:   17:	struct gameState* g = malloc(sizeof(struct gameState));
    #####:   18:	return g;
        -:   19:}
        -:   20:
function kingdomCards called 0 returned 0% blocks executed 0%
    #####:   21:int* kingdomCards(int k1, int k2, int k3, int k4, int k5, int k6, int k7,
        -:   22:		int k8, int k9, int k10) {
    #####:   23:	int* k = malloc(10 * sizeof(int));
    #####:   24:	k[0] = k1;
    #####:   25:	k[1] = k2;
    #####:   26:	k[2] = k3;
    #####:   27:	k[3] = k4;
    #####:   28:	k[4] = k5;
    #####:   29:	k[5] = k6;
    #####:   30:	k[6] = k7;
    #####:   31:	k[7] = k8;
    #####:   32:	k[8] = k9;
    #####:   33:	k[9] = k10;
    #####:   34:	return k;
        -:   35:}
        -:   36:
function initializeGame called 77 returned 100% blocks executed 88%
       77:   37:int initializeGame(int numPlayers, int kingdomCards[10], int randomSeed,
        -:   38:		struct gameState *state) {
        -:   39:
        -:   40:	int i;
        -:   41:	int j;
        -:   42:	int it;			
        -:   43:	//set up random number generator
       77:   44:	SelectStream(1);
call    0 returned 100%
       77:   45:	PutSeed((long)randomSeed);
call    0 returned 100%
        -:   46:
        -:   47:	//check number of players
       77:   48:	if (numPlayers > MAX_PLAYERS || numPlayers < 2)
branch  0 taken 100% (fallthrough)
branch  1 taken 0%
branch  2 taken 0% (fallthrough)
branch  3 taken 100%
        -:   49:	{
    #####:   50:		return -1;
        -:   51:	}
        -:   52:
        -:   53:	//set number of players
       77:   54:	state->numPlayers = numPlayers;
        -:   55:
        -:   56:	//check selected kingdom cards are different
      847:   57:	for (i = 0; i < 10; i++)
branch  0 taken 91%
branch  1 taken 9% (fallthrough)
        -:   58:	{
     8470:   59:		for (j = 0; j < 10; j++)
branch  0 taken 91%
branch  1 taken 9% (fallthrough)
        -:   60:		{
     7700:   61:			if (j != i && kingdomCards[j] == kingdomCards[i])
branch  0 taken 90% (fallthrough)
branch  1 taken 10%
branch  2 taken 0% (fallthrough)
branch  3 taken 100%
        -:   62:			{
    #####:   63:				return -1;
        -:   64:			}
        -:   65:		}
        -:   66:	}
        -:   67:
        -:   68:
        -:   69:	//initialize supply
        -:   70:	///////////////////////////////
        -:   71:
        -:   72:	//set number of Curse cards
       77:   73:	if (numPlayers == 2)
branch  0 taken 100% (fallthrough)
branch  1 taken 0%
        -:   74:	{
       77:   75:		state->supplyCount[curse] = 10;
        -:   76:	}
    #####:   77:	else if (numPlayers == 3)
branch  0 never executed
branch  1 never executed
        -:   78:	{
    #####:   79:		state->supplyCount[curse] = 20;
        -:   80:	}
        -:   81:	else
        -:   82:	{
    #####:   83:		state->supplyCount[curse] = 30;
        -:   84:	}
        -:   85:
        -:   86:	//set number of Victory cards
       77:   87:	if (numPlayers == 2)
branch  0 taken 100% (fallthrough)
branch  1 taken 0%
        -:   88:	{
       77:   89:		state->supplyCount[estate] = 8;
       77:   90:		state->supplyCount[duchy] = 8;
       77:   91:		state->supplyCount[province] = 8;
        -:   92:	}
        -:   93:	else
        -:   94:	{
    #####:   95:		state->supplyCount[estate] = 12;
    #####:   96:		state->supplyCount[duchy] = 12;
    #####:   97:		state->supplyCount[province] = 12;
        -:   98:	}
        -:   99:
        -:  100:	//set number of Treasure cards
       77:  101:	state->supplyCount[copper] = 60 - (7 * numPlayers);
       77:  102:	state->supplyCount[silver] = 40;
       77:  103:	state->supplyCount[gold] = 30;
        -:  104:
        -:  105:	//set number of Kingdom cards
     1617:  106:	for (i = adventurer; i <= treasure_map; i++)       	//loop all cards
branch  0 taken 95%
branch  1 taken 5% (fallthrough)
        -:  107:	{
    12705:  108:		for (j = 0; j < 10; j++)           		//loop chosen cards
branch  0 taken 94%
branch  1 taken 6% (fallthrough)
        -:  109:		{
    11935:  110:			if (kingdomCards[j] == i)
branch  0 taken 6% (fallthrough)
branch  1 taken 94%
        -:  111:			{
        -:  112:				//check if card is a 'Victory' Kingdom card
      770:  113:				if (kingdomCards[j] == great_hall || kingdomCards[j] == gardens)
branch  0 taken 100% (fallthrough)
branch  1 taken 0%
branch  2 taken 10% (fallthrough)
branch  3 taken 90%
        -:  114:				{
      154:  115:					if (numPlayers == 2){ 
branch  0 taken 100% (fallthrough)
branch  1 taken 0%
       77:  116:						state->supplyCount[i] = 8; 
        -:  117:					}
    #####:  118:					else{ state->supplyCount[i] = 12; }
        -:  119:				}
        -:  120:				else
        -:  121:				{
      693:  122:					state->supplyCount[i] = 10;
        -:  123:				}
      770:  124:				break;
        -:  125:			}
        -:  126:			else    //card is not in the set choosen for the game
        -:  127:			{
    11165:  128:				state->supplyCount[i] = -1;
        -:  129:			}
        -:  130:		}
        -:  131:
        -:  132:	}
        -:  133:
        -:  134:	////////////////////////
        -:  135:	//supply intilization complete
        -:  136:
        -:  137:	//set player decks
      231:  138:	for (i = 0; i < numPlayers; i++)
branch  0 taken 67%
branch  1 taken 33% (fallthrough)
        -:  139:	{
      154:  140:		state->deckCount[i] = 0;
      616:  141:		for (j = 0; j < 3; j++)
branch  0 taken 75%
branch  1 taken 25% (fallthrough)
        -:  142:		{
      462:  143:			state->deck[i][j] = estate;
      462:  144:			state->deckCount[i]++;
        -:  145:		}
     1232:  146:		for (j = 3; j < 10; j++)
branch  0 taken 88%
branch  1 taken 13% (fallthrough)
        -:  147:		{
     1078:  148:			state->deck[i][j] = copper;
     1078:  149:			state->deckCount[i]++;		
        -:  150:		}
        -:  151:	}
        -:  152:
        -:  153:	//shuffle player decks
      231:  154:	for (i = 0; i < numPlayers; i++)
branch  0 taken 67%
branch  1 taken 33% (fallthrough)
        -:  155:	{
      154:  156:		if ( shuffle(i, state) < 0 )
call    0 returned 100%
branch  1 taken 0% (fallthrough)
branch  2 taken 100%
        -:  157:		{
    #####:  158:			return -1;
        -:  159:		}
        -:  160:	}
        -:  161:
        -:  162:	//draw player hands
      231:  163:	for (i = 0; i < numPlayers; i++)
branch  0 taken 67%
branch  1 taken 33% (fallthrough)
        -:  164:	{  
        -:  165:		//initialize hand size to zero
      154:  166:		state->handCount[i] = 0;
      154:  167:		state->discardCount[i] = 0;
        -:  168:		//draw 5 cards
        -:  169:		// for (j = 0; j < 5; j++)
        -:  170:		//	{
        -:  171:		//	  drawCard(i, state);
        -:  172:		//	}
        -:  173:	}
        -:  174:
        -:  175:	//set embargo tokens to 0 for all supply piles
     2156:  176:	for (i = 0; i <= treasure_map; i++)
branch  0 taken 96%
branch  1 taken 4% (fallthrough)
        -:  177:	{
     2079:  178:		state->embargoTokens[i] = 0;
        -:  179:	}
        -:  180:
        -:  181:	//initialize first player's turn
       77:  182:	state->outpostPlayed = 0;
       77:  183:	state->phase = 0;
       77:  184:	state->numActions = 1;
       77:  185:	state->numBuys = 1;
       77:  186:	state->playedCardCount = 0;
       77:  187:	state->whoseTurn = 0;
       77:  188:	state->handCount[state->whoseTurn] = 0;
        -:  189:	//int it; move to top
        -:  190:
        -:  191:	//Moved draw cards to here, only drawing at the start of a turn
      462:  192:	for (it = 0; it < 5; it++){
branch  0 taken 83%
branch  1 taken 17% (fallthrough)
      385:  193:		drawCard(state->whoseTurn, state);
call    0 returned 100%
        -:  194:	}
        -:  195:
       77:  196:	updateCoins(state->whoseTurn, state, 0);
call    0 returned 100%
        -:  197:
       77:  198:	return 0;
        -:  199:}
        -:  200:
function shuffle called 157 returned 100% blocks executed 94%
      157:  201:int shuffle(int player, struct gameState *state) {
        -:  202:
        -:  203:
        -:  204:	int newDeck[MAX_DECK];
      157:  205:	int newDeckPos = 0;
        -:  206:	int card;
        -:  207:	int i;
        -:  208:
      157:  209:	if (state->deckCount[player] < 1)
branch  0 taken 0% (fallthrough)
branch  1 taken 100%
    #####:  210:		return -1;
      157:  211:	qsort ((void*)(state->deck[player]), state->deckCount[player], sizeof(int), compare); 
call    0 returned 100%
        -:  212:	/* SORT CARDS IN DECK TO ENSURE DETERMINISM! */
        -:  213:
     1869:  214:	while (state->deckCount[player] > 0) {
branch  0 taken 91%
branch  1 taken 9% (fallthrough)
     1555:  215:		card = floor(Random() * state->deckCount[player]);
call    0 returned 100%
     1555:  216:		newDeck[newDeckPos] = state->deck[player][card];
     1555:  217:		newDeckPos++;
     5429:  218:		for (i = card; i < state->deckCount[player]-1; i++) {
branch  0 taken 71%
branch  1 taken 29% (fallthrough)
     3874:  219:			state->deck[player][i] = state->deck[player][i+1];
        -:  220:		}
     1555:  221:		state->deckCount[player]--;
        -:  222:	}
     1712:  223:	for (i = 0; i < newDeckPos; i++) {
branch  0 taken 91%
branch  1 taken 9% (fallthrough)
     1555:  224:		state->deck[player][i] = newDeck[i];
     1555:  225:		state->deckCount[player]++;
        -:  226:	}
        -:  227:
      157:  228:	return 0;
        -:  229:}
        -:  230:
function playCard called 0 returned 0% blocks executed 0%
    #####:  231:int playCard(int handPos, int choice1, int choice2, int choice3, struct gameState *state) 
        -:  232:{	
        -:  233:	int card;
    #####:  234:	int coin_bonus = 0; 		//tracks coins gain from actions
        -:  235:
        -:  236:	//check if it is the right phase
    #####:  237:	if (state->phase != 0)
branch  0 never executed
branch  1 never executed
        -:  238:	{
    #####:  239:		return -1;
        -:  240:	}
        -:  241:
        -:  242:	//check if player has enough actions
    #####:  243:	if ( state->numActions < 1 )
branch  0 never executed
branch  1 never executed
        -:  244:	{
    #####:  245:		return -1;
        -:  246:	}
        -:  247:
        -:  248:	//get card played
    #####:  249:	card = handCard(handPos, state);
call    0 never executed
        -:  250:
        -:  251:	//check if selected card is an action
    #####:  252:	if ( card < adventurer || card > treasure_map )
branch  0 never executed
branch  1 never executed
branch  2 never executed
branch  3 never executed
        -:  253:	{
    #####:  254:		return -1;
        -:  255:	}
        -:  256:
        -:  257:	//play card
    #####:  258:	if ( cardEffect(card, choice1, choice2, choice3, state, handPos, &coin_bonus) < 0 )
call    0 never executed
branch  1 never executed
branch  2 never executed
        -:  259:	{
    #####:  260:		return -1;
        -:  261:	}
        -:  262:
        -:  263:	//reduce number of actions
    #####:  264:	state->numActions--;
        -:  265:
        -:  266:	//update coins (Treasure cards may be added with card draws)
    #####:  267:	updateCoins(state->whoseTurn, state, coin_bonus);
call    0 never executed
        -:  268:
    #####:  269:	return 0;
        -:  270:}
        -:  271:
function buyCard called 0 returned 0% blocks executed 0%
    #####:  272:int buyCard(int supplyPos, struct gameState *state) {
        -:  273:	int who;
        -:  274:	if (DEBUG){
        -:  275:		printf("Entering buyCard...\n");
        -:  276:	}
        -:  277:
        -:  278:	// I don't know what to do about the phase thing.
        -:  279:
    #####:  280:	who = state->whoseTurn;
        -:  281:
    #####:  282:	if (state->numBuys < 1){
branch  0 never executed
branch  1 never executed
        -:  283:		if (DEBUG)
        -:  284:			printf("You do not have any buys left\n");
    #####:  285:		return -1;
    #####:  286:	} else if (supplyCount(supplyPos, state) <1){
call    0 never executed
branch  1 never executed
branch  2 never executed
        -:  287:		if (DEBUG)
        -:  288:			printf("There are not any of that type of card left\n");
    #####:  289:		return -1;
    #####:  290:	} else if (state->coins < getCost(supplyPos)){
call    0 never executed
branch  1 never executed
branch  2 never executed
        -:  291:		if (DEBUG) 
        -:  292:			printf("You do not have enough money to buy that. You have %d coins.\n", state->coins);
    #####:  293:		return -1;
        -:  294:	} else {
    #####:  295:		state->phase=1;
        -:  296:		//state->supplyCount[supplyPos]--;
    #####:  297:		gainCard(supplyPos, state, 0, who); //card goes in discard, this might be wrong.. (2 means goes into hand, 0 goes into discard)
call    0 never executed
        -:  298:
    #####:  299:		state->coins = (state->coins) - (getCost(supplyPos));
call    0 never executed
    #####:  300:		state->numBuys--;
        -:  301:		if (DEBUG)
        -:  302:			printf("You bought card number %d for %d coins. You now have %d buys and %d coins.\n", supplyPos, getCost(supplyPos), state->numBuys, state->coins);
        -:  303:	}
        -:  304:
        -:  305:	//state->discard[who][state->discardCount[who]] = supplyPos;
        -:  306:	//state->discardCount[who]++;
        -:  307:
    #####:  308:	return 0;
        -:  309:}
        -:  310:
function numHandCards called 20 returned 100% blocks executed 100%
       20:  311:int numHandCards(struct gameState *state) {
       20:  312:	return state->handCount[ whoseTurn(state) ];
call    0 returned 100%
        -:  313:}
        -:  314:
function handCard called 0 returned 0% blocks executed 0%
    #####:  315:int handCard(int handPos, struct gameState *state) {
    #####:  316:	int currentPlayer = whoseTurn(state);
call    0 never executed
    #####:  317:	return state->hand[currentPlayer][handPos];
        -:  318:}
        -:  319:
function supplyCount called 0 returned 0% blocks executed 0%
    #####:  320:int supplyCount(int card, struct gameState *state) {
    #####:  321:	return state->supplyCount[card];
        -:  322:}
        -:  323:
function fullDeckCount called 0 returned 0% blocks executed 0%
    #####:  324:int fullDeckCount(int player, int card, struct gameState *state) {
        -:  325:	int i;
    #####:  326:	int count = 0;
        -:  327:
    #####:  328:	for (i = 0; i < state->deckCount[player]; i++)
branch  0 never executed
branch  1 never executed
        -:  329:	{
    #####:  330:		if (state->deck[player][i] == card) count++;
branch  0 never executed
branch  1 never executed
        -:  331:	}
        -:  332:
    #####:  333:	for (i = 0; i < state->handCount[player]; i++)
branch  0 never executed
branch  1 never executed
        -:  334:	{
    #####:  335:		if (state->hand[player][i] == card) count++;
branch  0 never executed
branch  1 never executed
        -:  336:	}
        -:  337:
    #####:  338:	for (i = 0; i < state->discardCount[player]; i++)
branch  0 never executed
branch  1 never executed
        -:  339:	{
    #####:  340:		if (state->discard[player][i] == card) count++;
branch  0 never executed
branch  1 never executed
        -:  341:	}
        -:  342:
    #####:  343:	return count;
        -:  344:}
        -:  345:
function whoseTurn called 56 returned 100% blocks executed 100%
       56:  346:int whoseTurn(struct gameState *state) {
       56:  347:	return state->whoseTurn;
        -:  348:}
        -:  349:
function endTurn called 0 returned 0% blocks executed 0%
    #####:  350:int endTurn(struct gameState *state) {
        -:  351:	int k;
        -:  352:	int i;
    #####:  353:	int currentPlayer = whoseTurn(state);
call    0 never executed
        -:  354:
        -:  355:	//Discard hand
    #####:  356:	for (i = 0; i < state->handCount[currentPlayer]; i++){
branch  0 never executed
branch  1 never executed
    #####:  357:		state->discard[currentPlayer][state->discardCount[currentPlayer]++] = state->hand[currentPlayer][i];//Discard
    #####:  358:		state->hand[currentPlayer][i] = -1;//Set card to -1
        -:  359:	}
    #####:  360:	state->handCount[currentPlayer] = 0;//Reset hand count
        -:  361:
        -:  362:	//Code for determining the player
    #####:  363:	if (currentPlayer < (state->numPlayers - 1)){ 
branch  0 never executed
branch  1 never executed
    #####:  364:		state->whoseTurn = currentPlayer + 1;//Still safe to increment
        -:  365:	}
        -:  366:	else{
    #####:  367:		state->whoseTurn = 0;//Max player has been reached, loop back around to player 1
        -:  368:	}
        -:  369:
    #####:  370:	state->outpostPlayed = 0;
    #####:  371:	state->phase = 0;
    #####:  372:	state->numActions = 1;
    #####:  373:	state->coins = 0;
    #####:  374:	state->numBuys = 1;
    #####:  375:	state->playedCardCount = 0;
    #####:  376:	state->handCount[state->whoseTurn] = 0;
        -:  377:
        -:  378:	//int k; move to top
        -:  379:	//Next player draws hand
    #####:  380:	for (k = 0; k < 5; k++){
branch  0 never executed
branch  1 never executed
    #####:  381:		drawCard(state->whoseTurn, state);//Draw a card
call    0 never executed
        -:  382:	}
        -:  383:
        -:  384:	//Update money
    #####:  385:	updateCoins(state->whoseTurn, state , 0);
call    0 never executed
        -:  386:
    #####:  387:	return 0;
        -:  388:}
        -:  389:
function isGameOver called 22 returned 100% blocks executed 91%
       22:  390:int isGameOver(struct gameState *state) {
        -:  391:	int i;
        -:  392:	int j;
        -:  393:
        -:  394:	//if stack of Province cards is empty, the game ends
       22:  395:	if (state->supplyCount[province] == 0)
branch  0 taken 50% (fallthrough)
branch  1 taken 50%
        -:  396:	{
       11:  397:		return 1;
        -:  398:	}
        -:  399:
        -:  400:	//if three supply pile are at 0, the game ends
       11:  401:	j = 0;
      286:  402:	for (i = 0; i < 25; i++)
branch  0 taken 96%
branch  1 taken 4% (fallthrough)
        -:  403:	{
      275:  404:		if (state->supplyCount[i] == 0)
branch  0 taken 12% (fallthrough)
branch  1 taken 88%
        -:  405:		{
       33:  406:			j++;
        -:  407:		}
        -:  408:	}
       11:  409:	if ( j >= 3)
branch  0 taken 100% (fallthrough)
branch  1 taken 0%
        -:  410:	{
       11:  411:		return 1;
        -:  412:	}
        -:  413:
    #####:  414:	return 0;
        -:  415:}
        -:  416:
function scoreFor called 0 returned 0% blocks executed 0%
    #####:  417:int scoreFor (int player, struct gameState *state) {
        -:  418:
        -:  419:	int i;
    #####:  420:	int score = 0;
        -:  421:	//score from hand
    #####:  422:	for (i = 0; i < state->handCount[player]; i++)
branch  0 never executed
branch  1 never executed
        -:  423:	{
    #####:  424:		if (state->hand[player][i] == curse) { score = score - 1; };
branch  0 never executed
branch  1 never executed
    #####:  425:		if (state->hand[player][i] == estate) { score = score + 1; };
branch  0 never executed
branch  1 never executed
    #####:  426:		if (state->hand[player][i] == duchy) { score = score + 3; };
branch  0 never executed
branch  1 never executed
    #####:  427:		if (state->hand[player][i] == province) { score = score + 6; };
branch  0 never executed
branch  1 never executed
    #####:  428:		if (state->hand[player][i] == great_hall) { score = score + 1; };
branch  0 never executed
branch  1 never executed
    #####:  429:		if (state->hand[player][i] == gardens) { score = score + ( fullDeckCount(player, 0, state) / 10 ); };
branch  0 never executed
branch  1 never executed
call    2 never executed
        -:  430:	}
        -:  431:
        -:  432:	//score from discard
    #####:  433:	for (i = 0; i < state->discardCount[player]; i++)
branch  0 never executed
branch  1 never executed
        -:  434:	{
    #####:  435:		if (state->discard[player][i] == curse) { score = score - 1; };
branch  0 never executed
branch  1 never executed
    #####:  436:		if (state->discard[player][i] == estate) { score = score + 1; };
branch  0 never executed
branch  1 never executed
    #####:  437:		if (state->discard[player][i] == duchy) { score = score + 3; };
branch  0 never executed
branch  1 never executed
    #####:  438:		if (state->discard[player][i] == province) { score = score + 6; };
branch  0 never executed
branch  1 never executed
    #####:  439:		if (state->discard[player][i] == great_hall) { score = score + 1; };
branch  0 never executed
branch  1 never executed
    #####:  440:		if (state->discard[player][i] == gardens) { score = score + ( fullDeckCount(player, 0, state) / 10 ); };
branch  0 never executed
branch  1 never executed
call    2 never executed
        -:  441:	}
        -:  442:
        -:  443:	//score from deck
    #####:  444:	for (i = 0; i < state->discardCount[player]; i++)
branch  0 never executed
branch  1 never executed
        -:  445:	{
    #####:  446:		if (state->deck[player][i] == curse) { score = score - 1; };
branch  0 never executed
branch  1 never executed
    #####:  447:		if (state->deck[player][i] == estate) { score = score + 1; };
branch  0 never executed
branch  1 never executed
    #####:  448:		if (state->deck[player][i] == duchy) { score = score + 3; };
branch  0 never executed
branch  1 never executed
    #####:  449:		if (state->deck[player][i] == province) { score = score + 6; };
branch  0 never executed
branch  1 never executed
    #####:  450:		if (state->deck[player][i] == great_hall) { score = score + 1; };
branch  0 never executed
branch  1 never executed
    #####:  451:		if (state->deck[player][i] == gardens) { score = score + ( fullDeckCount(player, 0, state) / 10 ); };
branch  0 never executed
branch  1 never executed
call    2 never executed
        -:  452:	}
        -:  453:
    #####:  454:	return score;
        -:  455:}
        -:  456:
function getWinners called 0 returned 0% blocks executed 0%
    #####:  457:int getWinners(int players[MAX_PLAYERS], struct gameState *state) {
        -:  458:	int i;	
        -:  459:	int j;
        -:  460:	int highScore;
        -:  461:	int currentPlayer;
        -:  462:
        -:  463:	//get score for each player
    #####:  464:	for (i = 0; i < MAX_PLAYERS; i++)
branch  0 never executed
branch  1 never executed
        -:  465:	{
        -:  466:		//set unused player scores to -9999
    #####:  467:		if (i >= state->numPlayers)
branch  0 never executed
branch  1 never executed
        -:  468:		{
    #####:  469:			players[i] = -9999;
        -:  470:		}
        -:  471:		else
        -:  472:		{
    #####:  473:			players[i] = scoreFor (i, state);
call    0 never executed
        -:  474:		}
        -:  475:	}
        -:  476:
        -:  477:	//find highest score
    #####:  478:	j = 0;
    #####:  479:	for (i = 0; i < MAX_PLAYERS; i++)
branch  0 never executed
branch  1 never executed
        -:  480:	{
    #####:  481:		if (players[i] > players[j])
branch  0 never executed
branch  1 never executed
        -:  482:		{
    #####:  483:			j = i;
        -:  484:		}
        -:  485:	}
    #####:  486:	highScore = players[j];
        -:  487:
        -:  488:	//add 1 to players who had less turns
    #####:  489:	currentPlayer = whoseTurn(state);
call    0 never executed
    #####:  490:	for (i = 0; i < MAX_PLAYERS; i++)
branch  0 never executed
branch  1 never executed
        -:  491:	{
    #####:  492:		if ( players[i] == highScore && i > currentPlayer )
branch  0 never executed
branch  1 never executed
branch  2 never executed
branch  3 never executed
        -:  493:		{
    #####:  494:			players[i]++;
        -:  495:		}
        -:  496:	}
        -:  497:
        -:  498:	//find new highest score
    #####:  499:	j = 0;
    #####:  500:	for (i = 0; i < MAX_PLAYERS; i++)
branch  0 never executed
branch  1 never executed
        -:  501:	{
    #####:  502:		if ( players[i] > players[j] )
branch  0 never executed
branch  1 never executed
        -:  503:		{
    #####:  504:			j = i;
        -:  505:		}
        -:  506:	}
    #####:  507:	highScore = players[j];
        -:  508:
        -:  509:	//set winners in array to 1 and rest to 0
    #####:  510:	for (i = 0; i < MAX_PLAYERS; i++)
branch  0 never executed
branch  1 never executed
        -:  511:	{
    #####:  512:		if ( players[i] == highScore )
branch  0 never executed
branch  1 never executed
        -:  513:		{
    #####:  514:			players[i] = 1;
        -:  515:		}
        -:  516:		else
        -:  517:		{
    #####:  518:			players[i] = 0;
        -:  519:		}
        -:  520:	}
        -:  521:
    #####:  522:	return 0;
        -:  523:}
        -:  524:
function drawCard called 412 returned 100% blocks executed 38%
      412:  525:int drawCard(int player, struct gameState *state)
        -:  526:{	int count;
        -:  527:	int deckCounter;
      412:  528:	if (state->deckCount[player] <= 0){//Deck is empty
branch  0 taken 0% (fallthrough)
branch  1 taken 100%
        -:  529:
        -:  530:		//Step 1 Shuffle the discard pile back into a deck
        -:  531:		int i;
        -:  532:		//Move discard to deck
    #####:  533:		for (i = 0; i < state->discardCount[player];i++){
branch  0 never executed
branch  1 never executed
    #####:  534:			state->deck[player][i] = state->discard[player][i];
    #####:  535:			state->discard[player][i] = -1;
        -:  536:		}
        -:  537:
    #####:  538:		state->deckCount[player] = state->discardCount[player];
    #####:  539:		state->discardCount[player] = 0;//Reset discard
        -:  540:
        -:  541:		//Shufffle the deck
    #####:  542:		shuffle(player, state);//Shuffle the deck up and make it so that we can draw
call    0 never executed
        -:  543:
        -:  544:		if (DEBUG){//Debug statements
        -:  545:			printf("Deck count now: %d\n", state->deckCount[player]);
        -:  546:		}
        -:  547:
    #####:  548:		state->discardCount[player] = 0;
        -:  549:
        -:  550:		//Step 2 Draw Card
    #####:  551:		count = state->handCount[player];//Get current player's hand count
        -:  552:
        -:  553:		if (DEBUG){//Debug statements
        -:  554:			printf("Current hand count: %d\n", count);
        -:  555:		}
        -:  556:
    #####:  557:		deckCounter = state->deckCount[player];//Create a holder for the deck count
        -:  558:
    #####:  559:		if (deckCounter == 0)
branch  0 never executed
branch  1 never executed
    #####:  560:			return -1;
        -:  561:
    #####:  562:		state->hand[player][count] = state->deck[player][deckCounter - 1];//Add card to hand
    #####:  563:		state->deckCount[player]--;
    #####:  564:		state->handCount[player]++;//Increment hand count
        -:  565:	}
        -:  566:
        -:  567:	else{
      412:  568:		int count = state->handCount[player];//Get current hand count for player
        -:  569:		int deckCounter;
        -:  570:		if (DEBUG){//Debug statements
        -:  571:			printf("Current hand count: %d\n", count);
        -:  572:		}
        -:  573:
      412:  574:		deckCounter = state->deckCount[player];//Create holder for the deck count
      412:  575:		state->hand[player][count] = state->deck[player][deckCounter - 1];//Add card to the hand
      412:  576:		state->deckCount[player]--;
      412:  577:		state->handCount[player]++;//Increment hand count
        -:  578:	}
        -:  579:
      412:  580:	return 0;
        -:  581:}
        -:  582:
function getCost called 60 returned 100% blocks executed 40%
       60:  583:int getCost(int cardNumber)
        -:  584:{
       60:  585:	switch( cardNumber ) 
branch  0 taken 0%
branch  1 taken 10%
branch  2 taken 10%
branch  3 taken 0%
branch  4 taken 0%
branch  5 taken 0%
branch  6 taken 10%
branch  7 taken 0%
branch  8 taken 0%
branch  9 taken 0%
branch 10 taken 0%
branch 11 taken 10%
branch 12 taken 0%
branch 13 taken 10%
branch 14 taken 0%
branch 15 taken 10%
branch 16 taken 0%
branch 17 taken 10%
branch 18 taken 0%
branch 19 taken 0%
branch 20 taken 0%
branch 21 taken 0%
branch 22 taken 10%
branch 23 taken 0%
branch 24 taken 10%
branch 25 taken 0%
branch 26 taken 10%
branch 27 taken 0%
        -:  586:	{
        -:  587:		case curse:
    #####:  588:			return 0;
        -:  589:		case estate:
        6:  590:			return 2;
        -:  591:		case duchy:
        6:  592:			return 5;
        -:  593:		case province:
    #####:  594:			return 8;
        -:  595:		case copper:
    #####:  596:			return 0;
        -:  597:		case silver:
    #####:  598:			return 3;
        -:  599:		case gold:
        6:  600:			return 6;
        -:  601:		case adventurer:
    #####:  602:			return 6;
        -:  603:		case council_room:
    #####:  604:			return 5;
        -:  605:		case feast:
    #####:  606:			return 4;
        -:  607:		case gardens:
    #####:  608:			return 4;
        -:  609:		case mine:
        6:  610:			return 5;
        -:  611:		case remodel:
    #####:  612:			return 4;
        -:  613:		case smithy:
        6:  614:			return 4;
        -:  615:		case village:
    #####:  616:			return 3;
        -:  617:		case baron:
        6:  618:			return 4;
        -:  619:		case great_hall:
    #####:  620:			return 3;
        -:  621:		case minion:
        6:  622:			return 5;
        -:  623:		case steward:
    #####:  624:			return 3;
        -:  625:		case tribute:
    #####:  626:			return 5;
        -:  627:		case ambassador:
    #####:  628:			return 3;
        -:  629:		case cutpurse:
    #####:  630:			return 4;
        -:  631:		case embargo: 
        6:  632:			return 2;
        -:  633:		case outpost:
    #####:  634:			return 5;
        -:  635:		case salvager:
        6:  636:			return 4;
        -:  637:		case sea_hag:
    #####:  638:			return 4;
        -:  639:		case treasure_map:
        6:  640:			return 4;
        -:  641:	}
        -:  642:
    #####:  643:	return -1;
        -:  644:}
        -:  645:
function cardEffect called 25 returned 100% blocks executed 4%
       25:  646:int cardEffect(int card, int choice1, int choice2, int choice3, struct gameState *state, int handPos, int *bonus)
        -:  647:{
        -:  648:	int i;
        -:  649:	int j;
        -:  650:	int k;
        -:  651:	int x;
        -:  652:	int index;
       25:  653:	int currentPlayer = whoseTurn(state);
call    0 returned 100%
       25:  654:	int nextPlayer = currentPlayer + 1;
        -:  655:
       25:  656:	int tributeRevealedCards[2] = {-1, -1};
        -:  657:	int temphand[MAX_HAND];// moved above the if statement
       25:  658:	int drawntreasure=0;
        -:  659:	int cardDrawn;
       25:  660:	int z = 0;// this is the counter for the temp hand
       25:  661:	if (nextPlayer > (state->numPlayers - 1)){
branch  0 taken 12% (fallthrough)
branch  1 taken 88%
        3:  662:		nextPlayer = 0;
        -:  663:	}
        -:  664:
        -:  665:
        -:  666:	//uses switch to select card and perform actions
       25:  667:	switch( card ) 
branch  0 taken 40%
branch  1 taken 0%
branch  2 taken 0%
branch  3 taken 0%
branch  4 taken 0%
branch  5 taken 0%
branch  6 taken 12%
branch  7 taken 0%
branch  8 taken 0%
branch  9 taken 0%
branch 10 taken 0%
branch 11 taken 36%
branch 12 taken 0%
branch 13 taken 0%
branch 14 taken 0%
branch 15 taken 0%
branch 16 taken 0%
branch 17 taken 0%
branch 18 taken 12%
branch 19 taken 0%
branch 20 taken 0%
        -:  668:	{
        -:  669:		case adventurer:
        -:  670:			/*	while(drawntreasure<2){
        -:  671:				if (state->deckCount[currentPlayer] <1){//if the deck is empty we need to shuffle discard and add to deck
        -:  672:				shuffle(currentPlayer, state);
        -:  673:				}
        -:  674:				drawCard(currentPlayer, state);
        -:  675:				cardDrawn = state->hand[currentPlayer][state->handCount[currentPlayer]-1];//top card of hand is most recently drawn card.
        -:  676:				if (cardDrawn == copper || cardDrawn == silver || cardDrawn == gold)
        -:  677:				drawntreasure++;
        -:  678:				else{
        -:  679:				temphand[z]=cardDrawn;
        -:  680:				state->handCount[currentPlayer]--; //this should just remove the top card (the most recently drawn one).
        -:  681:				z++;
        -:  682:				}
        -:  683:				}
        -:  684:				while(z-1>=0){
        -:  685:				state->discard[currentPlayer][state->discardCount[currentPlayer]++]=temphand[z-1]; // discard all cards in play that have been drawn
        -:  686:				z=z-1;
        -:  687:				}
        -:  688:				return 0;
        -:  689:				*/
       10:  690:			return adventure_function(state, handPos,  currentPlayer,  drawntreasure,  temphand,  cardDrawn,  z );				//Here we are calling the function to replace the adventure code			
call    0 returned 100%
        -:  691:
        -:  692:
        -:  693:
        -:  694:
        -:  695:
        -:  696:
        -:  697:
        -:  698:		case council_room:
        -:  699:			//+4 Cards
    #####:  700:			for (i = 0; i < 4; i++)
branch  0 never executed
branch  1 never executed
        -:  701:			{
    #####:  702:				drawCard(currentPlayer, state);
call    0 never executed
        -:  703:			}
        -:  704:
        -:  705:			//+1 Buy
    #####:  706:			state->numBuys++;
        -:  707:
        -:  708:			//Each other player draws a card
    #####:  709:			for (i = 0; i < state->numPlayers; i++)
branch  0 never executed
branch  1 never executed
        -:  710:			{
    #####:  711:				if ( i != currentPlayer )
branch  0 never executed
branch  1 never executed
        -:  712:				{
    #####:  713:					drawCard(i, state);
call    0 never executed
        -:  714:				}
        -:  715:			}
        -:  716:
        -:  717:			//put played card in played card pile
    #####:  718:			discardCard(handPos, currentPlayer, state, 0);
call    0 never executed
        -:  719:
    #####:  720:			return 0;
        -:  721:
        -:  722:		case feast:
        -:  723:			//gain card with cost up to 5
        -:  724:			//Backup hand
    #####:  725:			for (i = 0; i <= state->handCount[currentPlayer]; i++){
branch  0 never executed
branch  1 never executed
    #####:  726:				temphand[i] = state->hand[currentPlayer][i];//Backup card
    #####:  727:				state->hand[currentPlayer][i] = -1;//Set to nothing
        -:  728:			}
        -:  729:			//Backup hand
        -:  730:
        -:  731:			//Update Coins for Buy
    #####:  732:			updateCoins(currentPlayer, state, 5);
call    0 never executed
    #####:  733:			x = 1;//Condition to loop on
    #####:  734:			while( x == 1) {//Buy one card
branch  0 never executed
branch  1 never executed
    #####:  735:				if (supplyCount(choice1, state) <= 0){
call    0 never executed
branch  1 never executed
branch  2 never executed
        -:  736:					if (DEBUG)
        -:  737:						printf("None of that card left, sorry!\n");
        -:  738:
        -:  739:					if (DEBUG){
        -:  740:						printf("Cards Left: %d\n", supplyCount(choice1, state));
        -:  741:					}
        -:  742:				}
    #####:  743:				else if (state->coins < getCost(choice1)){
call    0 never executed
branch  1 never executed
branch  2 never executed
    #####:  744:					printf("That card is too expensive!\n");
call    0 never executed
        -:  745:
        -:  746:					if (DEBUG){
        -:  747:						printf("Coins: %d < %d\n", state->coins, getCost(choice1));
        -:  748:					}
        -:  749:				}
        -:  750:				else{
        -:  751:
        -:  752:					if (DEBUG){
        -:  753:						printf("Deck Count: %d\n", state->handCount[currentPlayer] + state->deckCount[currentPlayer] + state->discardCount[currentPlayer]);
        -:  754:					}
        -:  755:
    #####:  756:					gainCard(choice1, state, 0, currentPlayer);//Gain the card
call    0 never executed
    #####:  757:					x = 0;//No more buying cards
        -:  758:
        -:  759:					if (DEBUG){
        -:  760:						printf("Deck Count: %d\n", state->handCount[currentPlayer] + state->deckCount[currentPlayer] + state->discardCount[currentPlayer]);
        -:  761:					}
        -:  762:
        -:  763:				}
        -:  764:			}     
        -:  765:
        -:  766:			//Reset Hand
    #####:  767:			for (i = 0; i <= state->handCount[currentPlayer]; i++){
branch  0 never executed
branch  1 never executed
    #####:  768:				state->hand[currentPlayer][i] = temphand[i];
    #####:  769:				temphand[i] = -1;
        -:  770:			}
        -:  771:			//Reset Hand
        -:  772:
    #####:  773:			return 0;
        -:  774:
        -:  775:		case gardens:
    #####:  776:			return -1;
        -:  777:
        -:  778:		case mine:
    #####:  779:			j = state->hand[currentPlayer][choice1];  //store card we will trash
        -:  780:
    #####:  781:			if (state->hand[currentPlayer][choice1] < copper || state->hand[currentPlayer][choice1] > gold)
branch  0 never executed
branch  1 never executed
branch  2 never executed
branch  3 never executed
        -:  782:			{
    #####:  783:				return -1;
        -:  784:			}
        -:  785:
    #####:  786:			if (choice2 > treasure_map || choice2 < curse)
branch  0 never executed
branch  1 never executed
branch  2 never executed
branch  3 never executed
        -:  787:			{
    #####:  788:				return -1;
        -:  789:			}
        -:  790:
    #####:  791:			if ( (getCost(state->hand[currentPlayer][choice1]) + 3) > getCost(choice2) )
call    0 never executed
call    1 never executed
branch  2 never executed
branch  3 never executed
        -:  792:			{
    #####:  793:				return -1;
        -:  794:			}
        -:  795:
    #####:  796:			gainCard(choice2, state, 2, currentPlayer);
call    0 never executed
        -:  797:
        -:  798:			//discard card from hand
    #####:  799:			discardCard(handPos, currentPlayer, state, 0);
call    0 never executed
        -:  800:
        -:  801:			//discard trashed card
    #####:  802:			for (i = 0; i < state->handCount[currentPlayer]; i++)
branch  0 never executed
branch  1 never executed
        -:  803:			{
    #####:  804:				if (state->hand[currentPlayer][i] == j)
branch  0 never executed
branch  1 never executed
        -:  805:				{
    #####:  806:					discardCard(i, currentPlayer, state, 0);			
call    0 never executed
    #####:  807:					break;
        -:  808:				}
        -:  809:			}
        -:  810:
    #####:  811:			return 0;
        -:  812:
        -:  813:		case remodel:
    #####:  814:			j = state->hand[currentPlayer][choice1];  //store card we will trash
        -:  815:
    #####:  816:			if ( (getCost(state->hand[currentPlayer][choice1]) + 2) > getCost(choice2) )
call    0 never executed
call    1 never executed
branch  2 never executed
branch  3 never executed
        -:  817:			{
    #####:  818:				return -1;
        -:  819:			}
        -:  820:
    #####:  821:			gainCard(choice2, state, 0, currentPlayer);
call    0 never executed
        -:  822:
        -:  823:			//discard card from hand
    #####:  824:			discardCard(handPos, currentPlayer, state, 0);
call    0 never executed
        -:  825:
        -:  826:			//discard trashed card
    #####:  827:			for (i = 0; i < state->handCount[currentPlayer]; i++)
branch  0 never executed
branch  1 never executed
        -:  828:			{
    #####:  829:				if (state->hand[currentPlayer][i] == j)
branch  0 never executed
branch  1 never executed
        -:  830:				{
    #####:  831:					discardCard(i, currentPlayer, state, 0);			
call    0 never executed
    #####:  832:					break;
        -:  833:				}
        -:  834:			}
        -:  835:
        -:  836:
    #####:  837:			return 0;
        -:  838:
        -:  839:		case smithy:
        3:  840:			return smithy_function(state, handPos, currentPlayer);
call    0 returned 100%
        -:  841:			/*
        -:  842:			//+3 Cards
        -:  843:			for (i = 0; i < 3; i++)
        -:  844:			{
        -:  845:				drawCard(currentPlayer, state);
        -:  846:			}
        -:  847:
        -:  848:			//discard card from hand
        -:  849:			discardCard(handPos, currentPlayer, state, 0);
        -:  850:			return 0;
        -:  851:			*/
        -:  852:		case village:
        -:  853:			//+1 Card
    #####:  854:			drawCard(currentPlayer, state);
call    0 never executed
        -:  855:
        -:  856:			//+2 Actions
    #####:  857:			state->numActions = state->numActions + 2;
        -:  858:
        -:  859:			//discard played card from hand
    #####:  860:			discardCard(handPos, currentPlayer, state, 0);
call    0 never executed
    #####:  861:			return 0;
        -:  862:
        -:  863:		case baron:
    #####:  864:			state->numBuys++;//Increase buys by 1!
    #####:  865:			if (choice1 > 0){//Boolean true or going to discard an estate
branch  0 never executed
branch  1 never executed
    #####:  866:				int p = 0;//Iterator for hand!
    #####:  867:				int card_not_discarded = 1;//Flag for discard set!
    #####:  868:				while(card_not_discarded){
branch  0 never executed
branch  1 never executed
    #####:  869:					if (state->hand[currentPlayer][p] == estate){//Found an estate card!
branch  0 never executed
branch  1 never executed
    #####:  870:						state->coins += 4;//Add 4 coins to the amount of coins
    #####:  871:						state->discard[currentPlayer][state->discardCount[currentPlayer]] = state->hand[currentPlayer][p];
    #####:  872:						state->discardCount[currentPlayer]++;
    #####:  873:						for (;p < state->handCount[currentPlayer]; p++){
branch  0 never executed
branch  1 never executed
    #####:  874:							state->hand[currentPlayer][p] = state->hand[currentPlayer][p+1];
        -:  875:						}
    #####:  876:						state->hand[currentPlayer][state->handCount[currentPlayer]] = -1;
    #####:  877:						state->handCount[currentPlayer]--;
    #####:  878:						card_not_discarded = 0;//Exit the loop
        -:  879:					}
    #####:  880:					else if (p > state->handCount[currentPlayer]){
branch  0 never executed
branch  1 never executed
        -:  881:						if(DEBUG) {
        -:  882:							printf("No estate cards in your hand, invalid choice\n");
        -:  883:							printf("Must gain an estate if there are any\n");
        -:  884:						}
    #####:  885:						if (supplyCount(estate, state) > 0){
call    0 never executed
branch  1 never executed
branch  2 never executed
    #####:  886:							gainCard(estate, state, 0, currentPlayer);
call    0 never executed
    #####:  887:							state->supplyCount[estate]--;//Decrement estates
    #####:  888:							if (supplyCount(estate, state) == 0){
call    0 never executed
branch  1 never executed
branch  2 never executed
    #####:  889:								isGameOver(state);
call    0 never executed
        -:  890:							}
        -:  891:						}
    #####:  892:						card_not_discarded = 0;//Exit the loop
        -:  893:					}
        -:  894:
        -:  895:					else{
    #####:  896:						p++;//Next card
        -:  897:					}
        -:  898:				}
        -:  899:			}
        -:  900:
        -:  901:			else{
    #####:  902:				if (supplyCount(estate, state) > 0){
call    0 never executed
branch  1 never executed
branch  2 never executed
    #####:  903:					gainCard(estate, state, 0, currentPlayer);//Gain an estate
call    0 never executed
    #####:  904:					state->supplyCount[estate]--;//Decrement Estates
    #####:  905:					if (supplyCount(estate, state) == 0){
call    0 never executed
branch  1 never executed
branch  2 never executed
    #####:  906:						isGameOver(state);
call    0 never executed
        -:  907:					}
        -:  908:				}
        -:  909:			}
        -:  910:
        -:  911:
    #####:  912:			return 0;
        -:  913:
        -:  914:		case great_hall:
        -:  915:			//+1 Card
    #####:  916:			drawCard(currentPlayer, state);
call    0 never executed
        -:  917:
        -:  918:			//+1 Actions
    #####:  919:			state->numActions++;
        -:  920:
        -:  921:			//discard card from hand
    #####:  922:			discardCard(handPos, currentPlayer, state, 0);
call    0 never executed
    #####:  923:			return 0;
        -:  924:
        -:  925:		case minion:
        -:  926:			//+1 action
    #####:  927:			state->numActions++;
        -:  928:
        -:  929:			//discard card from hand
    #####:  930:			discardCard(handPos, currentPlayer, state, 0);
call    0 never executed
        -:  931:
    #####:  932:			if (choice1)		//+2 coins
branch  0 never executed
branch  1 never executed
        -:  933:			{
    #####:  934:				state->coins = state->coins + 2;
        -:  935:			}
        -:  936:
    #####:  937:			else if (choice2)		//discard hand, redraw 4, other players with 5+ cards discard hand and draw 4
branch  0 never executed
branch  1 never executed
        -:  938:			{
        -:  939:				//discard hand
    #####:  940:				while(numHandCards(state) > 0)
call    0 never executed
branch  1 never executed
branch  2 never executed
        -:  941:				{
    #####:  942:					discardCard(handPos, currentPlayer, state, 0);
call    0 never executed
        -:  943:				}
        -:  944:
        -:  945:				//draw 4
    #####:  946:				for (i = 0; i < 4; i++)
branch  0 never executed
branch  1 never executed
        -:  947:				{
    #####:  948:					drawCard(currentPlayer, state);
call    0 never executed
        -:  949:				}
        -:  950:
        -:  951:				//other players discard hand and redraw if hand size > 4
    #####:  952:				for (i = 0; i < state->numPlayers; i++)
branch  0 never executed
branch  1 never executed
        -:  953:				{
    #####:  954:					if (i != currentPlayer)
branch  0 never executed
branch  1 never executed
        -:  955:					{
    #####:  956:						if ( state->handCount[i] > 4 )
branch  0 never executed
branch  1 never executed
        -:  957:						{
        -:  958:							//discard hand
    #####:  959:							while( state->handCount[i] > 0 )
branch  0 never executed
branch  1 never executed
        -:  960:							{
    #####:  961:								discardCard(handPos, i, state, 0);
call    0 never executed
        -:  962:							}
        -:  963:
        -:  964:							//draw 4
    #####:  965:							for (j = 0; j < 4; j++)
branch  0 never executed
branch  1 never executed
        -:  966:							{
    #####:  967:								drawCard(i, state);
call    0 never executed
        -:  968:							}
        -:  969:						}
        -:  970:					}
        -:  971:				}
        -:  972:
        -:  973:			}
    #####:  974:			return 0;
        -:  975:
        -:  976:		case steward:
        9:  977:			return steward_function(state,  handPos,  currentPlayer,  choice1,  choice2,  choice3);
call    0 returned 100%
        -:  978:/*
        -:  979:			if (choice1 == 1)
        -:  980:			{
        -:  981:			//+2 cards
        -:  982:			drawCard(currentPlayer, state);
        -:  983:			drawCard(currentPlayer, state);
        -:  984:			}
        -:  985:			else if (choice1 == 2)
        -:  986:			{
        -:  987:			//+2 coins
        -:  988:			state->coins = state->coins + 2;
        -:  989:			}
        -:  990:			else
        -:  991:			{
        -:  992:			//trash 2 cards in hand
        -:  993:			discardCard(choice2, currentPlayer, state, 1);
        -:  994:			discardCard(choice3, currentPlayer, state, 1);
        -:  995:			}
        -:  996:
        -:  997:			//discard card from hand
        -:  998:			discardCard(handPos, currentPlayer, state, 0);
        -:  999:			return 0;
        -: 1000:*/			
        -: 1001:		case tribute:
    #####: 1002:			if ((state->discardCount[nextPlayer] + state->deckCount[nextPlayer]) <= 1){
branch  0 never executed
branch  1 never executed
    #####: 1003:				if (state->deckCount[nextPlayer] > 0){
branch  0 never executed
branch  1 never executed
    #####: 1004:					tributeRevealedCards[0] = state->deck[nextPlayer][state->deckCount[nextPlayer]-1];
    #####: 1005:					state->deckCount[nextPlayer]--;
        -: 1006:				}
    #####: 1007:				else if (state->discardCount[nextPlayer] > 0){
branch  0 never executed
branch  1 never executed
    #####: 1008:					tributeRevealedCards[0] = state->discard[nextPlayer][state->discardCount[nextPlayer]-1];
    #####: 1009:					state->discardCount[nextPlayer]--;
        -: 1010:				}
        -: 1011:				else{
        -: 1012:					//No Card to Reveal
        -: 1013:					if (DEBUG){
        -: 1014:						printf("No cards to reveal\n");
        -: 1015:					}
        -: 1016:				}
        -: 1017:			}
        -: 1018:
        -: 1019:			else{
    #####: 1020:				if (state->deckCount[nextPlayer] == 0){
branch  0 never executed
branch  1 never executed
    #####: 1021:					for (i = 0; i < state->discardCount[nextPlayer]; i++){
branch  0 never executed
branch  1 never executed
    #####: 1022:						state->deck[nextPlayer][i] = state->discard[nextPlayer][i];//Move to deck
    #####: 1023:						state->deckCount[nextPlayer]++;
    #####: 1024:						state->discard[nextPlayer][i] = -1;
    #####: 1025:						state->discardCount[nextPlayer]--;
        -: 1026:					}
        -: 1027:
    #####: 1028:					shuffle(nextPlayer,state);//Shuffle the deck
call    0 never executed
        -: 1029:				} 
    #####: 1030:				tributeRevealedCards[0] = state->deck[nextPlayer][state->deckCount[nextPlayer]-1];
    #####: 1031:				state->deck[nextPlayer][state->deckCount[nextPlayer]--] = -1;
    #####: 1032:				state->deckCount[nextPlayer]--;
    #####: 1033:				tributeRevealedCards[1] = state->deck[nextPlayer][state->deckCount[nextPlayer]-1];
    #####: 1034:				state->deck[nextPlayer][state->deckCount[nextPlayer]--] = -1;
    #####: 1035:				state->deckCount[nextPlayer]--;
        -: 1036:			}    
        -: 1037:
    #####: 1038:			if (tributeRevealedCards[0] == tributeRevealedCards[1]){//If we have a duplicate card, just drop one 
branch  0 never executed
branch  1 never executed
    #####: 1039:				state->playedCards[state->playedCardCount] = tributeRevealedCards[1];
    #####: 1040:				state->playedCardCount++;
    #####: 1041:				tributeRevealedCards[1] = -1;
        -: 1042:			}
        -: 1043:
    #####: 1044:			for (i = 0; i <= 2; i ++){
branch  0 never executed
branch  1 never executed
    #####: 1045:				if (tributeRevealedCards[i] == copper || tributeRevealedCards[i] == silver || tributeRevealedCards[i] == gold){//Treasure cards
branch  0 never executed
branch  1 never executed
branch  2 never executed
branch  3 never executed
branch  4 never executed
branch  5 never executed
    #####: 1046:					state->coins += 2;
        -: 1047:				}
        -: 1048:
    #####: 1049:				else if (tributeRevealedCards[i] == estate || tributeRevealedCards[i] == duchy || tributeRevealedCards[i] == province || tributeRevealedCards[i] == gardens || tributeRevealedCards[i] == great_hall){//Victo
branch  0 never executed
branch  1 never executed
branch  2 never executed
branch  3 never executed
branch  4 never executed
branch  5 never executed
branch  6 never executed
branch  7 never executed
branch  8 never executed
branch  9 never executed
    #####: 1050:					drawCard(currentPlayer, state);
call    0 never executed
    #####: 1051:					drawCard(currentPlayer, state);
call    0 never executed
        -: 1052:				}
        -: 1053:				else{//Action Card
    #####: 1054:					state->numActions = state->numActions + 2;
        -: 1055:				}
        -: 1056:			}
        -: 1057:
    #####: 1058:			return 0;
        -: 1059:
        -: 1060:		case ambassador:
    #####: 1061:			j = 0;		//used to check if player has enough cards to discard
        -: 1062:
    #####: 1063:			if (choice2 > 2 || choice2 < 0)
branch  0 never executed
branch  1 never executed
branch  2 never executed
branch  3 never executed
        -: 1064:			{
    #####: 1065:				return -1;				
        -: 1066:			}
        -: 1067:
    #####: 1068:			if (choice1 == handPos)
branch  0 never executed
branch  1 never executed
        -: 1069:			{
    #####: 1070:				return -1;
        -: 1071:			}
        -: 1072:
    #####: 1073:			for (i = 0; i < state->handCount[currentPlayer]; i++)
branch  0 never executed
branch  1 never executed
        -: 1074:			{
    #####: 1075:				if (i != handPos && i == state->hand[currentPlayer][choice1] && i != choice1)
branch  0 never executed
branch  1 never executed
branch  2 never executed
branch  3 never executed
branch  4 never executed
branch  5 never executed
        -: 1076:				{
    #####: 1077:					j++;
        -: 1078:				}
        -: 1079:			}
    #####: 1080:			if (j < choice2)
branch  0 never executed
branch  1 never executed
        -: 1081:			{
    #####: 1082:				return -1;				
        -: 1083:			}
        -: 1084:
        -: 1085:			if (DEBUG) 
        -: 1086:				printf("Player %d reveals card number: %d\n", currentPlayer, state->hand[currentPlayer][choice1]);
        -: 1087:
        -: 1088:			//increase supply count for choosen card by amount being discarded
    #####: 1089:			state->supplyCount[state->hand[currentPlayer][choice1]] += choice2;
        -: 1090:
        -: 1091:			//each other player gains a copy of revealed card
    #####: 1092:			for (i = 0; i < state->numPlayers; i++)
branch  0 never executed
branch  1 never executed
        -: 1093:			{
    #####: 1094:				if (i != currentPlayer)
branch  0 never executed
branch  1 never executed
        -: 1095:				{
    #####: 1096:					gainCard(state->hand[currentPlayer][choice1], state, 0, i);
call    0 never executed
        -: 1097:				}
        -: 1098:			}
        -: 1099:
        -: 1100:			//discard played card from hand
    #####: 1101:			discardCard(handPos, currentPlayer, state, 0);			
call    0 never executed
        -: 1102:
        -: 1103:			//trash copies of cards returned to supply
    #####: 1104:			for (j = 0; j < choice2; j++)
branch  0 never executed
branch  1 never executed
        -: 1105:			{
    #####: 1106:				for (i = 0; i < state->handCount[currentPlayer]; i++)
branch  0 never executed
branch  1 never executed
        -: 1107:				{
    #####: 1108:					if (state->hand[currentPlayer][i] == state->hand[currentPlayer][choice1])
branch  0 never executed
branch  1 never executed
        -: 1109:					{
    #####: 1110:						discardCard(i, currentPlayer, state, 1);
call    0 never executed
    #####: 1111:						break;
        -: 1112:					}
        -: 1113:				}
        -: 1114:			}			
        -: 1115:
    #####: 1116:			return 0;
        -: 1117:
        -: 1118:		case cutpurse:
        -: 1119:
    #####: 1120:			updateCoins(currentPlayer, state, 2);
call    0 never executed
    #####: 1121:			for (i = 0; i < state->numPlayers; i++)
branch  0 never executed
branch  1 never executed
        -: 1122:			{
    #####: 1123:				if (i != currentPlayer)
branch  0 never executed
branch  1 never executed
        -: 1124:				{
    #####: 1125:					for (j = 0; j < state->handCount[i]; j++)
branch  0 never executed
branch  1 never executed
        -: 1126:					{
    #####: 1127:						if (state->hand[i][j] == copper)
branch  0 never executed
branch  1 never executed
        -: 1128:						{
    #####: 1129:							discardCard(j, i, state, 0);
call    0 never executed
    #####: 1130:							break;
        -: 1131:						}
    #####: 1132:						if (j == state->handCount[i])
branch  0 never executed
branch  1 never executed
        -: 1133:						{
    #####: 1134:							for (k = 0; k < state->handCount[i]; k++)
branch  0 never executed
branch  1 never executed
        -: 1135:							{
        -: 1136:								if (DEBUG)
        -: 1137:									printf("Player %d reveals card number %d\n", i, state->hand[i][k]);
        -: 1138:							}	
    #####: 1139:							break;
        -: 1140:						}		
        -: 1141:					}
        -: 1142:
        -: 1143:				}
        -: 1144:
        -: 1145:			}				
        -: 1146:
        -: 1147:			//discard played card from hand
    #####: 1148:			discardCard(handPos, currentPlayer, state, 0);			
call    0 never executed
        -: 1149:
    #####: 1150:			return 0;
        -: 1151:
        -: 1152:
        -: 1153:		case embargo: 
        -: 1154:			//+2 Coins
    #####: 1155:			state->coins = state->coins + 2;
        -: 1156:
        -: 1157:			//see if selected pile is in play
    #####: 1158:			if ( state->supplyCount[choice1] == -1 )
branch  0 never executed
branch  1 never executed
        -: 1159:			{
    #####: 1160:				return -1;
        -: 1161:			}
        -: 1162:
        -: 1163:			//add embargo token to selected supply pile
    #####: 1164:			state->embargoTokens[choice1]++;
        -: 1165:
        -: 1166:			//trash card
    #####: 1167:			discardCard(handPos, currentPlayer, state, 1);		
call    0 never executed
    #####: 1168:			return 0;
        -: 1169:
        -: 1170:		case outpost:
    #####: 1171:			return outpost_function (state,  handPos,  currentPlayer);
call    0 never executed
        -: 1172:			/*//set outpost flag
        -: 1173:			  state->outpostPlayed++;
        -: 1174:
        -: 1175:			//discard card
        -: 1176:			discardCard(handPos, currentPlayer, state, 0);
        -: 1177:			return 0;
        -: 1178:			*/	
        -: 1179:		case salvager:
        -: 1180:			//+1 buy
    #####: 1181:			state->numBuys++;
        -: 1182:
    #####: 1183:			if (choice1)
branch  0 never executed
branch  1 never executed
        -: 1184:			{
        -: 1185:				//gain coins equal to trashed card
    #####: 1186:				state->coins = state->coins + getCost( handCard(choice1, state) );
call    0 never executed
call    1 never executed
        -: 1187:				//trash card
    #####: 1188:				discardCard(choice1, currentPlayer, state, 1);	
call    0 never executed
        -: 1189:			}
        -: 1190:
        -: 1191:			//discard card
    #####: 1192:			discardCard(handPos, currentPlayer, state, 0);
call    0 never executed
    #####: 1193:			return 0;
        -: 1194:
        -: 1195:		case sea_hag:
        -: 1196:
        3: 1197:			return SeaHag_function(state,  handPos,  currentPlayer);
call    0 returned 100%
        -: 1198:			/*
        -: 1199:			for (i = 0; i < state->numPlayers; i++){
        -: 1200:			  if (i != currentPlayer){
        -: 1201:			  state->discard[i][state->discardCount[i]] = state->deck[i][state->deckCount[i]--];			    state->deckCount[i]--;
        -: 1202:			  state->discardCount[i]++;
        -: 1203:			  state->deck[i][state->deckCount[i]--] = curse;//Top card now a curse
        -: 1204:			  }
        -: 1205:			  }
        -: 1206:			  return 0;
        -: 1207:			 */	
        -: 1208:		case treasure_map:
        -: 1209:			//search hand for another treasure_map
    #####: 1210:			index = -1;
    #####: 1211:			for (i = 0; i < state->handCount[currentPlayer]; i++)
branch  0 never executed
branch  1 never executed
        -: 1212:			{
    #####: 1213:				if (state->hand[currentPlayer][i] == treasure_map && i != handPos)
branch  0 never executed
branch  1 never executed
branch  2 never executed
branch  3 never executed
        -: 1214:				{
    #####: 1215:					index = i;
    #####: 1216:					break;
        -: 1217:				}
        -: 1218:			}
    #####: 1219:			if (index > -1)
branch  0 never executed
branch  1 never executed
        -: 1220:			{
        -: 1221:				//trash both treasure cards
    #####: 1222:				discardCard(handPos, currentPlayer, state, 1);
call    0 never executed
    #####: 1223:				discardCard(index, currentPlayer, state, 1);
call    0 never executed
        -: 1224:
        -: 1225:				//gain 4 Gold cards
    #####: 1226:				for (i = 0; i < 4; i++)
branch  0 never executed
branch  1 never executed
        -: 1227:				{
    #####: 1228:					gainCard(gold, state, 1, currentPlayer);
call    0 never executed
        -: 1229:				}
        -: 1230:
        -: 1231:				//return success
    #####: 1232:				return 1;
        -: 1233:			}
        -: 1234:
        -: 1235:			//no second treasure_map found in hand
    #####: 1236:			return -1;
        -: 1237:	}
        -: 1238:
    #####: 1239:	return -1;
        -: 1240:}
        -: 1241:
function discardCard called 18 returned 100% blocks executed 78%
       18: 1242:int discardCard(int handPos, int currentPlayer, struct gameState *state, int trashFlag)
        -: 1243:{
        -: 1244:
        -: 1245:	//if card is not trashed, added to Played pile 
       18: 1246:	if (trashFlag < 1)
branch  0 taken 67% (fallthrough)
branch  1 taken 33%
        -: 1247:	{
        -: 1248:		//add card to played pile
       12: 1249:		state->playedCards[state->playedCardCount] = state->hand[currentPlayer][handPos]; 
       12: 1250:		state->playedCardCount++;
        -: 1251:	}
        -: 1252:
        -: 1253:	//set played card to -1
       18: 1254:	state->hand[currentPlayer][handPos] = -1;
        -: 1255:
        -: 1256:	//remove card from player's hand
       18: 1257:	if ( handPos == (state->handCount[currentPlayer] - 1) ) 	//last card in hand array is played
branch  0 taken 0% (fallthrough)
branch  1 taken 100%
        -: 1258:	{
        -: 1259:		//reduce number of cards in hand
    #####: 1260:		state->handCount[currentPlayer]--;
        -: 1261:	}
       18: 1262:	else if ( state->handCount[currentPlayer] == 1 ) //only one card in hand
branch  0 taken 0% (fallthrough)
branch  1 taken 100%
        -: 1263:	{
        -: 1264:		//reduce number of cards in hand
    #####: 1265:		state->handCount[currentPlayer]--;
        -: 1266:	}
        -: 1267:	else 	
        -: 1268:	{
        -: 1269:		//replace discarded card with last card in hand
       18: 1270:		state->hand[currentPlayer][handPos] = state->hand[currentPlayer][ (state->handCount[currentPlayer] - 1)];
        -: 1271:		//set last card to -1
       18: 1272:		state->hand[currentPlayer][state->handCount[currentPlayer] - 1] = -1;
        -: 1273:		//reduce number of cards in hand
       18: 1274:		state->handCount[currentPlayer]--;
        -: 1275:	}
        -: 1276:
       18: 1277:	return 0;
        -: 1278:}
        -: 1279:
function gainCard called 0 returned 0% blocks executed 0%
    #####: 1280:int gainCard(int supplyPos, struct gameState *state, int toFlag, int player)
        -: 1281:{
        -: 1282:	//Note: supplyPos is enum of choosen card
        -: 1283:
        -: 1284:	//check if supply pile is empty (0) or card is not used in game (-1)
    #####: 1285:	if ( supplyCount(supplyPos, state) < 1 )
call    0 never executed
branch  1 never executed
branch  2 never executed
        -: 1286:	{
    #####: 1287:		return -1;
        -: 1288:	}
        -: 1289:
        -: 1290:	//added card for [whoseTurn] current player:
        -: 1291:	// toFlag = 0 : add to discard
        -: 1292:	// toFlag = 1 : add to deck
        -: 1293:	// toFlag = 2 : add to hand
        -: 1294:
    #####: 1295:	if (toFlag == 1)
branch  0 never executed
branch  1 never executed
        -: 1296:	{
    #####: 1297:		state->deck[ player ][ state->deckCount[player] ] = supplyPos;
    #####: 1298:		state->deckCount[player]++;
        -: 1299:	}
    #####: 1300:	else if (toFlag == 2)
branch  0 never executed
branch  1 never executed
        -: 1301:	{
    #####: 1302:		state->hand[ player ][ state->handCount[player] ] = supplyPos;
    #####: 1303:		state->handCount[player]++;
        -: 1304:	}
        -: 1305:	else
        -: 1306:	{
    #####: 1307:		state->discard[player][ state->discardCount[player] ] = supplyPos;
    #####: 1308:		state->discardCount[player]++;
        -: 1309:	}
        -: 1310:
        -: 1311:	//decrease number in supply pile
    #####: 1312:	state->supplyCount[supplyPos]--;
        -: 1313:
    #####: 1314:	return 0;
        -: 1315:}
        -: 1316:
function updateCoins called 77 returned 100% blocks executed 82%
       77: 1317:int updateCoins(int player, struct gameState *state, int bonus)
        -: 1318:{
        -: 1319:	int i;
        -: 1320:
        -: 1321:	//reset coin count
       77: 1322:	state->coins = 0;
        -: 1323:
        -: 1324:	//add coins for each Treasure card in player's hand
      462: 1325:	for (i = 0; i < state->handCount[player]; i++)
branch  0 taken 83%
branch  1 taken 17% (fallthrough)
        -: 1326:	{
      385: 1327:		if (state->hand[player][i] == copper)
branch  0 taken 80% (fallthrough)
branch  1 taken 20%
        -: 1328:		{
      308: 1329:			state->coins += 1;
        -: 1330:		}
       77: 1331:		else if (state->hand[player][i] == silver)
branch  0 taken 0% (fallthrough)
branch  1 taken 100%
        -: 1332:		{
    #####: 1333:			state->coins += 2;
        -: 1334:		}
       77: 1335:		else if (state->hand[player][i] == gold)
branch  0 taken 0% (fallthrough)
branch  1 taken 100%
        -: 1336:		{
    #####: 1337:			state->coins += 3;
        -: 1338:		}	
        -: 1339:	}	
        -: 1340:
        -: 1341:	//add bonus
       77: 1342:	state->coins += bonus;
        -: 1343:
       77: 1344:	return 0;
        -: 1345:}
        -: 1346:/***************************My five functions ****************************/
        -: 1347:
function adventure_function called 10 returned 100% blocks executed 93%
       10: 1348:int adventure_function(struct gameState *state, int handPos, int currentPlayer, int drawntreasure, int temphand[MAX_HAND], int cardDrawn, int z ){
       35: 1349:	while(drawntreasure<1){
branch  0 taken 60%
branch  1 taken 40% (fallthrough)
       15: 1350:		if (state->deckCount[currentPlayer] <1){//if the deck is empty we need to shuffle discard and add to deck
branch  0 taken 0% (fallthrough)
branch  1 taken 100%
    #####: 1351:			shuffle(currentPlayer, state);
call    0 never executed
        -: 1352:		}
       15: 1353:		drawCard(currentPlayer, state);
call    0 returned 100%
       15: 1354:		cardDrawn = state->hand[currentPlayer][state->handCount[currentPlayer]-1];//top card of hand is most recently drawn card.
       15: 1355:		if (cardDrawn == copper || cardDrawn == silver || cardDrawn == gold)
branch  0 taken 100% (fallthrough)
branch  1 taken 0%
branch  2 taken 100% (fallthrough)
branch  3 taken 0%
branch  4 taken 67% (fallthrough)
branch  5 taken 33%
       10: 1356:			drawntreasure++;
        -: 1357:		else{
        5: 1358:			temphand[z]=cardDrawn;
        5: 1359:			state->handCount[currentPlayer]--; //this should just remove the top card (the most recently drawn one).
        5: 1360:			z++;
        -: 1361:		}
        -: 1362:	}
       25: 1363:	while(z-1>=0){
branch  0 taken 33%
branch  1 taken 67% (fallthrough)
        5: 1364:		state->discard[currentPlayer][state->discardCount[currentPlayer]++]=temphand[z-1]; // discard all cards in play that have been drawn
        5: 1365:		z=z-1;
        -: 1366:	}
       10: 1367:	return 0;
        -: 1368:
        -: 1369:
        -: 1370:}
        -: 1371:
        -: 1372:/******************************************************/
function smithy_function called 3 returned 100% blocks executed 100%
        3: 1373:int smithy_function(struct gameState *state, int handPos, int currentPlayer){
        -: 1374:	//+3 Cards
        -: 1375:
        -: 1376:	int i;
        9: 1377:	for ( i = 0; i < 2; i++)
branch  0 taken 67%
branch  1 taken 33% (fallthrough)
        -: 1378:	{
        6: 1379:		drawCard(currentPlayer, state);
call    0 returned 100%
        -: 1380:	}
        -: 1381:
        -: 1382:	//discard card from hand
        -: 1383:
        3: 1384:	discardCard(handPos, currentPlayer, state, 0);
call    0 returned 100%
        3: 1385:	return 0;
        -: 1386:}
        -: 1387:/******************************************************/
function outpost_function called 0 returned 0% blocks executed 0%
    #####: 1388:int outpost_function (struct gameState *state, int handPos, int currentPlayer){
        -: 1389:
    #####: 1390:	state->outpostPlayed++;
        -: 1391:
        -: 1392:	//discard card
    #####: 1393:	discardCard(handPos, currentPlayer, state, 0);
call    0 never executed
    #####: 1394:	return 0;
        -: 1395:}
        -: 1396:/******************************************************/
function SeaHag_function called 3 returned 100% blocks executed 100%
        3: 1397:int SeaHag_function(struct gameState *state, int handPos, int currentPlayer){
        -: 1398:	int i;
        9: 1399:	for (i = 0; i < state->numPlayers; i++){
branch  0 taken 67%
branch  1 taken 33% (fallthrough)
        6: 1400:		if (i != currentPlayer){
branch  0 taken 50% (fallthrough)
branch  1 taken 50%
        3: 1401:			state->discard[i][state->discardCount[i]] = state->deck[i][state->deckCount[i]--]; 
        3: 1402:                       state->deckCount[i]--;
        3: 1403:			state->discardCount[i]++;
        3: 1404:			state->deck[i][state->deckCount[i]--] = estate;//Top card now a estatee
        -: 1405:		}
        -: 1406:	}
        3: 1407:	return 0;
        -: 1408:
        -: 1409:
        -: 1410:
        -: 1411:}
        -: 1412:/******************************************************/
function steward_function called 9 returned 100% blocks executed 100%
        9: 1413:int steward_function(struct gameState *state, int handPos, int currentPlayer, int choice1, int choice2, int choice3){
        -: 1414:
        9: 1415:	if (choice1 == 1)
branch  0 taken 33% (fallthrough)
branch  1 taken 67%
        -: 1416:	{
        -: 1417:		//+2 cards  REPLACED WITH CHOICE 2
        3: 1418:		state->coins = state->coins + 2;	
        -: 1419:		//drawCard(currentPlayer, state);
        -: 1420:		//drawCard(currentPlayer, state);
        -: 1421:		}
        6: 1422:	else if (choice1 == 2)
branch  0 taken 50% (fallthrough)
branch  1 taken 50%
        -: 1423:	{
        -: 1424:		                                                    //+2 coins
        3: 1425:		 drawCard(currentPlayer, state);
call    0 returned 100%
        3: 1426:                drawCard(currentPlayer, state);
call    0 returned 100%
        -: 1427:
        -: 1428:
        -: 1429:		//state->coins = state->coins + 2;
        -: 1430:
        -: 1431:	}
        -: 1432:	else
        -: 1433:	{
        -: 1434:		//trash 2 cards in hand
        3: 1435:		discardCard(choice2, currentPlayer, state, 1);
call    0 returned 100%
        3: 1436:		discardCard(choice3, currentPlayer, state, 1);
call    0 returned 100%
        -: 1437:	}
        -: 1438:
        -: 1439:	//discard card from hand
        9: 1440:	discardCard(handPos, currentPlayer, state, 0);
call    0 returned 100%
        9: 1441:	return 0;
        -: 1442:
        -: 1443:
        -: 1444:
        -: 1445:
        -: 1446:
        -: 1447:}
        -: 1448:
        -: 1449://end of dominion.c
        -: 1450:
